Build started 2013/12/14 19:15:34.
     1>Project "E:\study\vc_project\SSTool\SSTool\SSTool.vcxproj" on node 2 (build target(s)).
     1>InitializeBuildStatus:
         Creating "Debug\SSTool.unsuccessfulbuild" because "AlwaysCreate" was specified.
       ClCompile:
         All outputs are up-to-date.
         All outputs are up-to-date.
       ResourceCompile:
         All outputs are up-to-date.
       ManifestResourceCompile:
         All outputs are up-to-date.
       Link:
         All outputs are up-to-date.
       Manifest:
         C:\Program Files\Microsoft SDKs\Windows\v7.0A\bin\mt.exe /nologo /verbose /out:"Debug\SSTool.exe.embed.manifest" /manifest Debug\SSTool.exe.intermediate.manifest "d:\Program Files\Microsoft Visual Studio 10.0\VC\Include\Manifest\dpiaware.manifest"
         All outputs are up-to-date.
       FinalizeBuildStatus:
         Deleting file "Debug\SSTool.unsuccessfulbuild".
         Touching "Debug\SSTool.lastbuildstate".
     1>Done Building Project "E:\study\vc_project\SSTool\SSTool\SSTool.vcxproj" (build target(s)).

Build succeeded.

Time Elapsed 00:00:01.28
