Build started 2013/11/8 13:02:01.
     1>Project "E:\study\VCProject\sstool\SSTool\SSTool.vcxproj" on node 2 (build target(s)).
     1>InitializeBuildStatus:
         Creating "Debug\SSTool.unsuccessfulbuild" because "AlwaysCreate" was specified.
       ClCompile:
         All outputs are up-to-date.
         D:\Program Files\Microsoft Visual Studio 10.0\VC\bin\CL.exe /c /ZI /nologo /W3 /WX- /Od /Oy- /D WIN32 /D _WINDOWS /D _DEBUG /D _UNICODE /D UNICODE /D _AFXDLL /Gm /EHsc /RTC1 /MDd /GS /fp:precise /Zc:wchar_t /Zc:forScope /Yu"StdAfx.h" /Fp"Debug\SSTool.pch" /Fo"Debug\\" /Fd"Debug\vc100.pdb" /Gd /TP /analyze- /errorReport:prompt SSToolDlg.cpp
         SSToolDlg.cpp
     1>e:\study\vcproject\sstool\sstool\sstooldlg.cpp(452): warning C4995: 'wsprintf': name was marked as #pragma deprecated
     1>e:\study\vcproject\sstool\sstool\sstooldlg.cpp(452): warning C4995: 'wsprintfW': name was marked as #pragma deprecated
     1>e:\study\vcproject\sstool\sstool\sstooldlg.cpp(453): warning C4995: 'wcscat': name was marked as #pragma deprecated
     1>e:\study\vcproject\sstool\sstool\sstooldlg.cpp(453): warning C4996: 'wcscat': This function or variable may be unsafe. Consider using wcscat_s instead. To disable deprecation, use _CRT_SECURE_NO_WARNINGS. See online help for details.
                 d:\program files\microsoft visual studio 10.0\vc\include\string.h(276) : see declaration of 'wcscat'
     1>e:\study\vcproject\sstool\sstool\sstooldlg.cpp(498): warning C4995: 'sprintf': name was marked as #pragma deprecated
     1>e:\study\vcproject\sstool\sstool\sstooldlg.cpp(498): warning C4996: 'sprintf': This function or variable may be unsafe. Consider using sprintf_s instead. To disable deprecation, use _CRT_SECURE_NO_WARNINGS. See online help for details.
                 d:\program files\microsoft visual studio 10.0\vc\include\stdio.h(371) : see declaration of 'sprintf'
     1>e:\study\vcproject\sstool\sstool\sstooldlg.cpp(499): warning C4996: 'access': The POSIX name for this item is deprecated. Instead, use the ISO C++ conformant name: _access. See online help for details.
                 d:\program files\microsoft visual studio 10.0\vc\include\io.h(299) : see declaration of 'access'
     1>e:\study\vcproject\sstool\sstool\sstooldlg.cpp(694): warning C4101: 'pDevPort' : unreferenced local variable
       ResourceCompile:
         All outputs are up-to-date.
       ManifestResourceCompile:
         All outputs are up-to-date.
       Link:
         D:\Program Files\Microsoft Visual Studio 10.0\VC\bin\link.exe /ERRORREPORT:PROMPT /OUT:"E:\study\VCProject\SSTool\Debug\SSTool.exe" /INCREMENTAL /NOLOGO /MANIFEST /ManifestFile:"Debug\SSTool.exe.intermediate.manifest" /MANIFESTUAC:"level='asInvoker' uiAccess='false'" /DEBUG /PDB:"E:\study\VCProject\SSTool\Debug\SSTool.pdb" /SUBSYSTEM:WINDOWS /TLBID:1 /ENTRY:"wWinMainCRTStartup" /DYNAMICBASE /NXCOMPAT /IMPLIB:"E:\study\VCProject\SSTool\Debug\SSTool.lib" /MACHINE:X86 Debug\SSTool.res
         Debug\SSTool.exe.embed.manifest.res
         Debug\ConnPort.obj
         Debug\SSTool.obj
         Debug\SSToolDlg.obj
         Debug\stdafx.obj
       Manifest:
         C:\Program Files\Microsoft SDKs\Windows\v7.0A\bin\mt.exe /nologo /verbose /out:"Debug\SSTool.exe.embed.manifest" /manifest Debug\SSTool.exe.intermediate.manifest "D:\Program Files\Microsoft Visual Studio 10.0\VC\Include\Manifest\dpiaware.manifest"
         All outputs are up-to-date.
       LinkEmbedManifest:
         All outputs are up-to-date.
         SSTool.vcxproj -> E:\study\VCProject\SSTool\Debug\SSTool.exe
       FinalizeBuildStatus:
         Deleting file "Debug\SSTool.unsuccessfulbuild".
         Touching "Debug\SSTool.lastbuildstate".
     1>Done Building Project "E:\study\VCProject\sstool\SSTool\SSTool.vcxproj" (build target(s)).

Build succeeded.

Time Elapsed 00:00:00.89
