E:\STUDY\VCPROJECT\SSTOOL\DEBUG\SSTOOL.EXE
E:\STUDY\VCPROJECT\SSTOOL\DEBUG\SSTOOL.ILK
E:\STUDY\VCPROJECT\SSTOOL\DEBUG\SSTOOL.PDB
E:\study\vcProject\SSTool\SSTool\Debug\cl.command.1.tlog
E:\study\vcProject\SSTool\SSTool\Debug\CL.read.1.tlog
E:\study\vcProject\SSTool\SSTool\Debug\CL.write.1.tlog
E:\STUDY\VCPROJECT\SSTOOL\SSTOOL\DEBUG\CONNPORT.OBJ
E:\study\vcProject\SSTool\SSTool\Debug\link.command.1.tlog
E:\study\vcProject\SSTool\SSTool\Debug\link.read.1.tlog
E:\study\vcProject\SSTool\SSTool\Debug\link.write.1.tlog
E:\study\vcProject\SSTool\SSTool\Debug\link-cvtres.read.1.tlog
E:\study\vcProject\SSTool\SSTool\Debug\link-cvtres.write.1.tlog
E:\study\vcProject\SSTool\SSTool\Debug\mt.command.1.tlog
E:\study\vcProject\SSTool\SSTool\Debug\mt.read.1.tlog
E:\study\vcProject\SSTool\SSTool\Debug\mt.write.1.tlog
E:\study\vcProject\SSTool\SSTool\Debug\rc.command.1.tlog
E:\study\vcProject\SSTool\SSTool\Debug\rc.read.1.tlog
E:\study\vcProject\SSTool\SSTool\Debug\rc.write.1.tlog
E:\STUDY\VCPROJECT\SSTOOL\SSTOOL\DEBUG\SSTOOL.EXE.EMBED.MANIFEST
E:\STUDY\VCPROJECT\SSTOOL\SSTOOL\DEBUG\SSTOOL.EXE.EMBED.MANIFEST.RES
E:\STUDY\VCPROJECT\SSTOOL\SSTOOL\DEBUG\SSTOOL.EXE.INTERMEDIATE.MANIFEST
E:\STUDY\VCPROJECT\SSTOOL\SSTOOL\DEBUG\SSTOOL.OBJ
E:\STUDY\VCPROJECT\SSTOOL\SSTOOL\DEBUG\SSTOOL.PCH
E:\STUDY\VCPROJECT\SSTOOL\SSTOOL\DEBUG\SSTOOL.RES
E:\study\vcProject\SSTool\SSTool\Debug\SSTool_manifest.rc
E:\STUDY\VCPROJECT\SSTOOL\SSTOOL\DEBUG\SSTOOLDLG.OBJ
E:\STUDY\VCPROJECT\SSTOOL\SSTOOL\DEBUG\STDAFX.OBJ
E:\study\vcProject\SSTool\SSTool\Debug\vc100.idb
E:\STUDY\VCPROJECT\SSTOOL\SSTOOL\DEBUG\VC100.PDB
